Arguments: 
  C:\Program Files\nodejs\node.exe C:\Users\garfield\AppData\Roaming\npm\node_modules\yarn\bin\yarn.js dev

PATH: 
  C:\Program Files (x86)\Common Files\Oracle\Java\javapath;C:\Windows\system32;C:\Windows;C:\Windows\System32\Wbem;C:\Windows\System32\WindowsPowerShell\v1.0;C:\Windows\System32\OpenSSH;C:\Program Files\Intel\WiFi\bin;C:\Program Files\Common Files\Intel\WirelessCommon;C:\ProgramData\chocolatey\bin;C:\Program Files\nodejs;C:\AutoSet10\Server\conf;C:\AutoSet10\Server\bin;C:\Program Files\PuTTY\;C:\Program Files\Git\cmd;C:\Users\garfield\AppData\Local\Programs\Python\Python38-32\Scripts;C:\Users\garfield\AppData\Local\Programs\Python\Python38-32;C:\Users\garfield\AppData\Local\Microsoft\WindowsApps;C:\Program Files\Intel\WiFi\bin;C:\Program Files\Common Files\Intel\WirelessCommon;C:\Program Files\Bandizip;C:\Users\garfield\AppData\Roaming\npm;C:\Users\garfield\AppData\Local\Programs\Microsoft VS Code\bin

Yarn version: 
  1.22.0

Node version: 
  12.13.1

Platform: 
  win32 x64

Trace: 
  SyntaxError: C:\Users\garfield\management\package.json: Unexpected token } in JSON at position 363
      at JSON.parse (<anonymous>)
      at C:\Users\garfield\AppData\Roaming\npm\node_modules\yarn\lib\cli.js:1625:59
      at Generator.next (<anonymous>)
      at step (C:\Users\garfield\AppData\Roaming\npm\node_modules\yarn\lib\cli.js:310:30)
      at C:\Users\garfield\AppData\Roaming\npm\node_modules\yarn\lib\cli.js:321:13

npm manifest: 
  {
      "name": "management",
      "version": "1.0.0",
      "scripts": {
          "client": "cd client && yarn start",
          "server": "nodemon server.js",
          "dev": "concurrently --kill-others-on-fail \"yarn server\" \"yarn client\""
      },
      "dependencies": {
          "body-parser": "^1.19.0",
          "express": "^4.17.1",
          "nodemon": "^2.0.4",
      },
      "devDependencies": {
          "concurrently": "^4.0.1"
      }
  }

yarn manifest: 
  No manifest

Lockfile: 
  No lockfile
